# JRE version: Java(TM) SE Runtime Environment (8.0_05-b13) (build 1.8.0_05-b13)
# Java VM: Java HotSpot(TM) 64-Bit Server VM (25.5-b02 mixed mode windows-amd64 compressed oops)
Heap:
 PSYoungGen      total 51200K, used 897K [0x00000007bc400000, 0x00000007c0000000, 0x00000007c0000000)
  eden space 41472K, 2% used [0x00000007bc400000,0x00000007bc4e0580,0x00000007bec80000)
  from space 9728K, 0% used [0x00000007bec80000,0x00000007bec80000,0x00000007bf600000)
  to   space 9216K, 0% used [0x00000007bf700000,0x00000007bf700000,0x00000007c0000000)
 ParOldGen       total 158208K, used 87044K [0x0000000700000000, 0x0000000709a80000, 0x00000007bc400000)
  object space 158208K, 55% used [0x0000000700000000,0x00000007055010f0,0x0000000709a80000)
 Metaspace       used 69846K, capacity 70233K, committed 70912K, reserved 1110016K
  class space    used 10419K, capacity 10483K, committed 10496K, reserved 1048576K
GC Heap History (10 events):
Event: 703.177 GC heap before
{Heap before GC invocations=175 (full 13):
 PSYoungGen      total 49152K, used 40025K [0x00000007bc400000, 0x00000007c0000000, 0x00000007c0000000)
  eden space 37376K, 100% used [0x00000007bc400000,0x00000007be880000,0x00000007be880000)
  from space 11776K, 22% used [0x00000007be880000,0x00000007beb16760,0x00000007bf400000)
  to   space 11264K, 0% used [0x00000007bf500000,0x00000007bf500000,0x00000007c0000000)
 ParOldGen       total 158208K, used 96894K [0x0000000700000000, 0x0000000709a80000, 0x00000007bc400000)
  object space 158208K, 61% used [0x0000000700000000,0x0000000705e9f840,0x0000000709a80000)
 Metaspace       used 69785K, capacity 70169K, committed 70656K, reserved 1110016K
  class space    used 10418K, capacity 10483K, committed 10496K, reserved 1048576K
Event: 703.181 GC heap after
Heap after GC invocations=175 (full 13):
 PSYoungGen      total 50688K, used 2777K [0x00000007bc400000, 0x00000007c0000000, 0x00000007c0000000)
  eden space 39424K, 0% used [0x00000007bc400000,0x00000007bc400000,0x00000007bea80000)
  from space 11264K, 24% used [0x00000007bf500000,0x00000007bf7b6760,0x00000007c0000000)
  to   space 10752K, 0% used [0x00000007bea80000,0x00000007bea80000,0x00000007bf500000)
 ParOldGen       total 158208K, used 96926K [0x0000000700000000, 0x0000000709a80000, 0x00000007bc400000)
  object space 158208K, 61% used [0x0000000700000000,0x0000000705ea7840,0x0000000709a80000)
 Metaspace       used 69785K, capacity 70169K, committed 70656K, reserved 1110016K
  class space    used 10418K, capacity 10483K, committed 10496K, reserved 1048576K
}
Event: 703.481 GC heap before
{Heap before GC invocations=176 (full 13):
 PSYoungGen      total 50688K, used 42201K [0x00000007bc400000, 0x00000007c0000000, 0x00000007c0000000)
  eden space 39424K, 100% used [0x00000007bc400000,0x00000007bea80000,0x00000007bea80000)
  from space 11264K, 24% used [0x00000007bf500000,0x00000007bf7b6760,0x00000007c0000000)
  to   space 10752K, 0% used [0x00000007bea80000,0x00000007bea80000,0x00000007bf500000)
 ParOldGen       total 158208K, used 96926K [0x0000000700000000, 0x0000000709a80000, 0x00000007bc400000)
  object space 158208K, 61% used [0x0000000700000000,0x0000000705ea7840,0x0000000709a80000)
 Metaspace       used 69787K, capacity 70169K, committed 70656K, reserved 1110016K
  class space    used 10418K, capacity 10483K, committed 10496K, reserved 1048576K
Event: 703.485 GC heap after
Heap after GC invocations=176 (full 13):
 PSYoungGen      total 50176K, used 2945K [0x00000007bc400000, 0x00000007c0000000, 0x00000007c0000000)
  eden space 39424K, 0% used [0x00000007bc400000,0x00000007bc400000,0x00000007bea80000)
  from space 10752K, 27% used [0x00000007bea80000,0x00000007bed60680,0x00000007bf500000)
  to   space 10240K, 0% used [0x00000007bf600000,0x00000007bf600000,0x00000007c0000000)
 ParOldGen       total 158208K, used 96942K [0x0000000700000000, 0x0000000709a80000, 0x00000007bc400000)
  object space 158208K, 61% used [0x0000000700000000,0x0000000705eab840,0x0000000709a80000)
 Metaspace       used 69787K, capacity 70169K, committed 70656K, reserved 1110016K
  class space    used 10418K, capacity 10483K, committed 10496K, reserved 1048576K
}
Event: 703.831 GC heap before
{Heap before GC invocations=177 (full 13):
 PSYoungGen      total 50176K, used 42369K [0x00000007bc400000, 0x00000007c0000000, 0x00000007c0000000)
  eden space 39424K, 100% used [0x00000007bc400000,0x00000007bea80000,0x00000007bea80000)
  from space 10752K, 27% used [0x00000007bea80000,0x00000007bed60680,0x00000007bf500000)
  to   space 10240K, 0% used [0x00000007bf600000,0x00000007bf600000,0x00000007c0000000)
 ParOldGen       total 158208K, used 96942K [0x0000000700000000, 0x0000000709a80000, 0x00000007bc400000)
  object space 158208K, 61% used [0x0000000700000000,0x0000000705eab840,0x0000000709a80000)
 Metaspace       used 69809K, capacity 70169K, committed 70656K, reserved 1110016K
  class space    used 10418K, capacity 10483K, committed 10496K, reserved 1048576K
Event: 703.836 GC heap after
Heap after GC invocations=177 (full 13):
 PSYoungGen      total 51712K, used 3366K [0x00000007bc400000, 0x00000007c0000000, 0x00000007c0000000)
  eden space 41472K, 0% used [0x00000007bc400000,0x00000007bc400000,0x00000007bec80000)
  from space 10240K, 32% used [0x00000007bf600000,0x00000007bf949ad0,0x00000007c0000000)
  to   space 9728K, 0% used [0x00000007bec80000,0x00000007bec80000,0x00000007bf600000)
 ParOldGen       total 158208K, used 96966K [0x0000000700000000, 0x0000000709a80000, 0x00000007bc400000)
  object space 158208K, 61% used [0x0000000700000000,0x0000000705eb1840,0x0000000709a80000)
 Metaspace       used 69809K, capacity 70169K, committed 70656K, reserved 1110016K
  class space    used 10418K, capacity 10483K, committed 10496K, reserved 1048576K
}
Event: 704.109 GC heap before
{Heap before GC invocations=178 (full 13):
 PSYoungGen      total 51712K, used 43835K [0x00000007bc400000, 0x00000007c0000000, 0x00000007c0000000)
  eden space 41472K, 97% used [0x00000007bc400000,0x00000007beb85458,0x00000007bec80000)
  from space 10240K, 32% used [0x00000007bf600000,0x00000007bf949ad0,0x00000007c0000000)
  to   space 9728K, 0% used [0x00000007bec80000,0x00000007bec80000,0x00000007bf600000)
 ParOldGen       total 158208K, used 96966K [0x0000000700000000, 0x0000000709a80000, 0x00000007bc400000)
  object space 158208K, 61% used [0x0000000700000000,0x0000000705eb1840,0x0000000709a80000)
 Metaspace       used 69840K, capacity 70233K, committed 70912K, reserved 1110016K
  class space    used 10419K, capacity 10483K, committed 10496K, reserved 1048576K
Event: 704.116 GC heap after
Heap after GC invocations=178 (full 13):
 PSYoungGen      total 51200K, used 3425K [0x00000007bc400000, 0x00000007c0000000, 0x00000007c0000000)
  eden space 41472K, 0% used [0x00000007bc400000,0x00000007bc400000,0x00000007bec80000)
  from space 9728K, 35% used [0x00000007bec80000,0x00000007befd8680,0x00000007bf600000)
  to   space 9216K, 0% used [0x00000007bf700000,0x00000007bf700000,0x00000007c0000000)
 ParOldGen       total 158208K, used 96982K [0x0000000700000000, 0x0000000709a80000, 0x00000007bc400000)
  object space 158208K, 61% used [0x0000000700000000,0x0000000705eb5840,0x0000000709a80000)
 Metaspace       used 69840K, capacity 70233K, committed 70912K, reserved 1110016K
  class space    used 10419K, capacity 10483K, committed 10496K, reserved 1048576K
}
Event: 704.116 GC heap before
{Heap before GC invocations=179 (full 14):
 PSYoungGen      total 51200K, used 3425K [0x00000007bc400000, 0x00000007c0000000, 0x00000007c0000000)
  eden space 41472K, 0% used [0x00000007bc400000,0x00000007bc400000,0x00000007bec80000)
  from space 9728K, 35% used [0x00000007bec80000,0x00000007befd8680,0x00000007bf600000)
  to   space 9216K, 0% used [0x00000007bf700000,0x00000007bf700000,0x00000007c0000000)
 ParOldGen       total 158208K, used 96982K [0x0000000700000000, 0x0000000709a80000, 0x00000007bc400000)
  object space 158208K, 61% used [0x0000000700000000,0x0000000705eb5840,0x0000000709a80000)
 Metaspace       used 69840K, capacity 70233K, committed 70912K, reserved 1110016K
  class space    used 10419K, capacity 10483K, committed 10496K, reserved 1048576K
Event: 704.589 GC heap after
Heap after GC invocations=179 (full 14):
 PSYoungGen      total 51200K, used 0K [0x00000007bc400000, 0x00000007c0000000, 0x00000007c0000000)
  eden space 41472K, 0% used [0x00000007bc400000,0x00000007bc400000,0x00000007bec80000)
  from space 9728K, 0% used [0x00000007bec80000,0x00000007bec80000,0x00000007bf600000)
  to   space 9216K, 0% used [0x00000007bf700000,0x00000007bf700000,0x00000007c0000000)
 ParOldGen       total 158208K, used 87044K [0x0000000700000000, 0x0000000709a80000, 0x00000007bc400000)
  object space 158208K, 55% used [0x0000000700000000,0x00000007055010f0,0x0000000709a80000)
 Metaspace       used 69840K, capacity 70233K, committed 70912K, reserved 1110016K
  class space    used 10419K, capacity 10483K, committed 10496K, reserved 1048576K
}

